0 verbose cli /root/.nvm/versions/node/v24.11.0/bin/node /root/.nvm/versions/node/v24.11.0/bin/npm
1 info using npm@11.6.1
2 info using node@v24.11.0
3 silly config load:file:/root/.nvm/versions/node/v24.11.0/lib/node_modules/npm/npmrc
4 silly config load:file:/root/.npmrc
5 silly config load:file:/root/.nvm/versions/node/v24.11.0/etc/npmrc
6 verbose title npm install jest supertest
7 verbose argv "install" "--save-dev" "jest" "supertest"
8 verbose logfile logs-max:10 dir:/root/.npm/_logs/2025-10-30T12_11_22_837Z-
9 verbose logfile /root/.npm/_logs/2025-10-30T12_11_22_837Z-debug-0.log
10 silly logfile done cleaning log files
11 silly packumentCache heap:991952896 maxSize:247988224 maxEntrySize:123994112
12 silly idealTree buildDeps
13 silly fetch manifest jest@^29.0.0
14 silly packumentCache full:https://registry.npmjs.org/jest cache-miss
15 http cache https://registry.npmjs.org/jest 46ms (cache hit)
16 silly packumentCache full:https://registry.npmjs.org/jest set size:853656 disposed:false
17 silly fetch manifest node-notifier@^8.0.1 || ^9.0.0 || ^10.0.0
18 silly packumentCache full:https://registry.npmjs.org/node-notifier cache-miss
19 http cache https://registry.npmjs.org/node-notifier 2ms (cache hit)
20 silly packumentCache full:https://registry.npmjs.org/node-notifier set size:171533 disposed:false
21 silly fetch manifest supertest@^6.3.0
22 silly packumentCache full:https://registry.npmjs.org/supertest cache-miss
23 http cache https://registry.npmjs.org/supertest 2ms (cache hit)
24 silly packumentCache full:https://registry.npmjs.org/supertest set size:198333 disposed:false
25 silly placeDep ROOT jest@29.7.0 REPLACE for: ci-cd-demo@1.0.0 want: ^29.0.0
26 silly placeDep ROOT supertest@6.3.4 REPLACE for: ci-cd-demo@1.0.0 want: ^6.3.0
27 silly reify moves {}
28 silly audit bulk request {
28 silly audit   '@babel/code-frame': [ '7.27.1' ],
28 silly audit   '@babel/compat-data': [ '7.28.5' ],
28 silly audit   '@babel/core': [ '7.28.5' ],
28 silly audit   debug: [ '4.4.3', '2.6.9' ],
28 silly audit   ms: [ '2.1.3', '2.0.0' ],
28 silly audit   '@babel/generator': [ '7.28.5' ],
28 silly audit   '@babel/helper-compilation-targets': [ '7.27.2' ],
28 silly audit   '@babel/helper-globals': [ '7.28.0' ],
28 silly audit   '@babel/helper-module-imports': [ '7.27.1' ],
28 silly audit   '@babel/helper-module-transforms': [ '7.28.3' ],
28 silly audit   '@babel/helper-plugin-utils': [ '7.27.1' ],
28 silly audit   '@babel/helper-string-parser': [ '7.27.1' ],
28 silly audit   '@babel/helper-validator-identifier': [ '7.28.5' ],
28 silly audit   '@babel/helper-validator-option': [ '7.27.1' ],
28 silly audit   '@babel/helpers': [ '7.28.4' ],
28 silly audit   '@babel/parser': [ '7.28.5' ],
28 silly audit   '@babel/plugin-syntax-async-generators': [ '7.8.4' ],
28 silly audit   '@babel/plugin-syntax-bigint': [ '7.8.3' ],
28 silly audit   '@babel/plugin-syntax-class-properties': [ '7.12.13' ],
28 silly audit   '@babel/plugin-syntax-class-static-block': [ '7.14.5' ],
28 silly audit   '@babel/plugin-syntax-import-attributes': [ '7.27.1' ],
28 silly audit   '@babel/plugin-syntax-import-meta': [ '7.10.4' ],
28 silly audit   '@babel/plugin-syntax-json-strings': [ '7.8.3' ],
28 silly audit   '@babel/plugin-syntax-jsx': [ '7.27.1' ],
28 silly audit   '@babel/plugin-syntax-logical-assignment-operators': [ '7.10.4' ],
28 silly audit   '@babel/plugin-syntax-nullish-coalescing-operator': [ '7.8.3' ],
28 silly audit   '@babel/plugin-syntax-numeric-separator': [ '7.10.4' ],
28 silly audit   '@babel/plugin-syntax-object-rest-spread': [ '7.8.3' ],
28 silly audit   '@babel/plugin-syntax-optional-catch-binding': [ '7.8.3' ],
28 silly audit   '@babel/plugin-syntax-optional-chaining': [ '7.8.3' ],
28 silly audit   '@babel/plugin-syntax-private-property-in-object': [ '7.14.5' ],
28 silly audit   '@babel/plugin-syntax-top-level-await': [ '7.14.5' ],
28 silly audit   '@babel/plugin-syntax-typescript': [ '7.27.1' ],
28 silly audit   '@babel/template': [ '7.27.2' ],
28 silly audit   '@babel/traverse': [ '7.28.5' ],
28 silly audit   '@babel/types': [ '7.28.5' ],
28 silly audit   '@bcoe/v8-coverage': [ '0.2.3' ],
28 silly audit   '@istanbuljs/load-nyc-config': [ '1.1.0' ],
28 silly audit   '@istanbuljs/schema': [ '0.1.3' ],
28 silly audit   '@jest/console': [ '29.7.0' ],
28 silly audit   '@jest/core': [ '29.7.0' ],
28 silly audit   '@jest/environment': [ '29.7.0' ],
28 silly audit   '@jest/expect': [ '29.7.0' ],
28 silly audit   '@jest/expect-utils': [ '29.7.0' ],
28 silly audit   '@jest/fake-timers': [ '29.7.0' ],
28 silly audit   '@jest/globals': [ '29.7.0' ],
28 silly audit   '@jest/reporters': [ '29.7.0' ],
28 silly audit   '@jest/schemas': [ '29.6.3' ],
28 silly audit   '@jest/source-map': [ '29.6.3' ],
28 silly audit   '@jest/test-result': [ '29.7.0' ],
28 silly audit   '@jest/test-sequencer': [ '29.7.0' ],
28 silly audit   '@jest/transform': [ '29.7.0' ],
28 silly audit   '@jest/types': [ '29.6.3' ],
28 silly audit   '@jridgewell/gen-mapping': [ '0.3.13' ],
28 silly audit   '@jridgewell/remapping': [ '2.3.5' ],
28 silly audit   '@jridgewell/resolve-uri': [ '3.1.2' ],
28 silly audit   '@jridgewell/sourcemap-codec': [ '1.5.5' ],
28 silly audit   '@jridgewell/trace-mapping': [ '0.3.31' ],
28 silly audit   '@noble/hashes': [ '1.8.0' ],
28 silly audit   '@paralleldrive/cuid2': [ '2.3.1' ],
28 silly audit   '@sinclair/typebox': [ '0.27.8' ],
28 silly audit   '@sinonjs/commons': [ '3.0.1' ],
28 silly audit   '@sinonjs/fake-timers': [ '10.3.0' ],
28 silly audit   '@types/babel__core': [ '7.20.5' ],
28 silly audit   '@types/babel__generator': [ '7.27.0' ],
28 silly audit   '@types/babel__template': [ '7.4.4' ],
28 silly audit   '@types/babel__traverse': [ '7.28.0' ],
28 silly audit   '@types/graceful-fs': [ '4.1.9' ],
28 silly audit   '@types/istanbul-lib-coverage': [ '2.0.6' ],
28 silly audit   '@types/istanbul-lib-report': [ '3.0.3' ],
28 silly audit   '@types/istanbul-reports': [ '3.0.4' ],
28 silly audit   '@types/node': [ '24.9.2' ],
28 silly audit   '@types/stack-utils': [ '2.0.3' ],
28 silly audit   '@types/yargs': [ '17.0.34' ],
28 silly audit   '@types/yargs-parser': [ '21.0.3' ],
28 silly audit   accepts: [ '1.3.8' ],
28 silly audit   'ansi-escapes': [ '4.3.2' ],
28 silly audit   'ansi-regex': [ '5.0.1' ],
28 silly audit   'ansi-styles': [ '4.3.0', '5.2.0' ],
28 silly audit   anymatch: [ '3.1.3' ],
28 silly audit   argparse: [ '1.0.10' ],
28 silly audit   'array-flatten': [ '1.1.1' ],
28 silly audit   asap: [ '2.0.6' ],
28 silly audit   asynckit: [ '0.4.0' ],
28 silly audit   'babel-jest': [ '29.7.0' ],
28 silly audit   'babel-plugin-istanbul': [ '6.1.1' ],
28 silly audit   'istanbul-lib-instrument': [ '5.2.1', '6.0.3' ],
28 silly audit   'babel-plugin-jest-hoist': [ '29.6.3' ],
28 silly audit   'babel-preset-current-node-syntax': [ '1.2.0' ],
28 silly audit   'babel-preset-jest': [ '29.6.3' ],
28 silly audit   'balanced-match': [ '1.0.2' ],
28 silly audit   'baseline-browser-mapping': [ '2.8.21' ],
28 silly audit   'body-parser': [ '1.20.3' ],
28 silly audit   'brace-expansion': [ '1.1.12' ],
28 silly audit   braces: [ '3.0.3' ],
28 silly audit   browserslist: [ '4.27.0' ],
28 silly audit   bser: [ '2.1.1' ],
28 silly audit   'buffer-from': [ '1.1.2' ],
28 silly audit   bytes: [ '3.1.2' ],
28 silly audit   'call-bind-apply-helpers': [ '1.0.2' ],
28 silly audit   'call-bound': [ '1.0.4' ],
28 silly audit   callsites: [ '3.1.0' ],
28 silly audit   camelcase: [ '5.3.1', '6.3.0' ],
28 silly audit   'caniuse-lite': [ '1.0.30001751' ],
28 silly audit   chalk: [ '4.1.2' ],
28 silly audit   'char-regex': [ '1.0.2' ],
28 silly audit   'ci-info': [ '3.9.0' ],
28 silly audit   'cjs-module-lexer': [ '1.4.3' ],
28 silly audit   cliui: [ '8.0.1' ],
28 silly audit   co: [ '4.6.0' ],
28 silly audit   'collect-v8-coverage': [ '1.0.3' ],
28 silly audit   'color-convert': [ '2.0.1' ],
28 silly audit   'color-name': [ '1.1.4' ],
28 silly audit   'combined-stream': [ '1.0.8' ],
28 silly audit   'component-emitter': [ '1.3.1' ],
28 silly audit   'concat-map': [ '0.0.1' ],
28 silly audit   'content-disposition': [ '0.5.4' ],
28 silly audit   'content-type': [ '1.0.5' ],
28 silly audit   'convert-source-map': [ '2.0.0' ],
28 silly audit   cookie: [ '0.7.1' ],
28 silly audit   'cookie-signature': [ '1.0.6' ],
28 silly audit   cookiejar: [ '2.1.4' ],
28 silly audit   'create-jest': [ '29.7.0' ],
28 silly audit   'cross-spawn': [ '7.0.6' ],
28 silly audit   dedent: [ '1.7.0' ],
28 silly audit   deepmerge: [ '4.3.1' ],
28 silly audit   'delayed-stream': [ '1.0.0' ],
28 silly audit   depd: [ '2.0.0' ],
28 silly audit   destroy: [ '1.2.0' ],
28 silly audit   'detect-newline': [ '3.1.0' ],
28 silly audit   dezalgo: [ '1.0.4' ],
28 silly audit   'diff-sequences': [ '29.6.3' ],
28 silly audit   'dunder-proto': [ '1.0.1' ],
28 silly audit   'ee-first': [ '1.1.1' ],
28 silly audit   'electron-to-chromium': [ '1.5.243' ],
28 silly audit   emittery: [ '0.13.1' ],
28 silly audit   'emoji-regex': [ '8.0.0' ],
28 silly audit   encodeurl: [ '2.0.0', '1.0.2' ],
28 silly audit   'error-ex': [ '1.3.4' ],
28 silly audit   'es-define-property': [ '1.0.1' ],
28 silly audit   'es-errors': [ '1.3.0' ],
28 silly audit   'es-object-atoms': [ '1.1.1' ],
28 silly audit   'es-set-tostringtag': [ '2.1.0' ],
28 silly audit   escalade: [ '3.2.0' ],
28 silly audit   'escape-html': [ '1.0.3' ],
28 silly audit   'escape-string-regexp': [ '2.0.0' ],
28 silly audit   esprima: [ '4.0.1' ],
28 silly audit   etag: [ '1.8.1' ],
28 silly audit   execa: [ '5.1.1' ],
28 silly audit   exit: [ '0.1.2' ],
28 silly audit   expect: [ '29.7.0' ],
28 silly audit   express: [ '4.21.2' ],
28 silly audit   'fast-json-stable-stringify': [ '2.1.0' ],
28 silly audit   'fast-safe-stringify': [ '2.1.1' ],
28 silly audit   'fb-watchman': [ '2.0.2' ],
28 silly audit   'fill-range': [ '7.1.1' ],
28 silly audit   finalhandler: [ '1.3.1' ],
28 silly audit   'find-up': [ '4.1.0' ],
28 silly audit   'form-data': [ '4.0.4' ],
28 silly audit   formidable: [ '2.1.5' ],
28 silly audit   forwarded: [ '0.2.0' ],
28 silly audit   fresh: [ '0.5.2' ],
28 silly audit   'fs.realpath': [ '1.0.0' ],
28 silly audit   fsevents: [ '2.3.3' ],
28 silly audit   'function-bind': [ '1.1.2' ],
28 silly audit   gensync: [ '1.0.0-beta.2' ],
28 silly audit   'get-caller-file': [ '2.0.5' ],
28 silly audit   'get-intrinsic': [ '1.3.0' ],
28 silly audit   'get-package-type': [ '0.1.0' ],
28 silly audit   'get-proto': [ '1.0.1' ],
28 silly audit   'get-stream': [ '6.0.1' ],
28 silly audit   glob: [ '7.2.3' ],
28 silly audit   gopd: [ '1.2.0' ],
28 silly audit   'graceful-fs': [ '4.2.11' ],
28 silly audit   'has-flag': [ '4.0.0' ],
28 silly audit   'has-symbols': [ '1.1.0' ],
28 silly audit   'has-tostringtag': [ '1.0.2' ],
28 silly audit   hasown: [ '2.0.2' ],
28 silly audit   'html-escaper': [ '2.0.2' ],
28 silly audit   'http-errors': [ '2.0.0' ],
28 silly audit   'human-signals': [ '2.1.0' ],
28 silly audit   'iconv-lite': [ '0.4.24' ],
28 silly audit   'import-local': [ '3.2.0' ],
28 silly audit   imurmurhash: [ '0.1.4' ],
28 silly audit   inflight: [ '1.0.6' ],
28 silly audit   inherits: [ '2.0.4' ],
28 silly audit   'ipaddr.js': [ '1.9.1' ],
28 silly audit   'is-arrayish': [ '0.2.1' ],
28 silly audit   'is-core-module': [ '2.16.1' ],
28 silly audit   'is-fullwidth-code-point': [ '3.0.0' ],
28 silly audit   'is-generator-fn': [ '2.1.0' ],
28 silly audit   'is-number': [ '7.0.0' ],
28 silly audit   'is-stream': [ '2.0.1' ],
28 silly audit   isexe: [ '2.0.0' ],
28 silly audit   'istanbul-lib-coverage': [ '3.2.2' ],
28 silly audit   semver: [ '7.7.3', '6.3.1' ],
28 silly audit   'istanbul-lib-report': [ '3.0.1' ],
28 silly audit   'istanbul-lib-source-maps': [ '4.0.1' ],
28 silly audit   'istanbul-reports': [ '3.2.0' ],
28 silly audit   'jest-changed-files': [ '29.7.0' ],
28 silly audit   'jest-circus': [ '29.7.0' ],
28 silly audit   'jest-cli': [ '29.7.0' ],
28 silly audit   'jest-config': [ '29.7.0' ],
28 silly audit   'jest-diff': [ '29.7.0' ],
28 silly audit   'jest-docblock': [ '29.7.0' ],
28 silly audit   'jest-each': [ '29.7.0' ],
28 silly audit   'jest-environment-node': [ '29.7.0' ],
28 silly audit   'jest-get-type': [ '29.6.3' ],
28 silly audit   'jest-haste-map': [ '29.7.0' ],
28 silly audit   'jest-leak-detector': [ '29.7.0' ],
28 silly audit   'jest-matcher-utils': [ '29.7.0' ],
28 silly audit   'jest-message-util': [ '29.7.0' ],
28 silly audit   'jest-mock': [ '29.7.0' ],
28 silly audit   'jest-pnp-resolver': [ '1.2.3' ],
28 silly audit   'jest-regex-util': [ '29.6.3' ],
28 silly audit   'jest-resolve': [ '29.7.0' ],
28 silly audit   'jest-resolve-dependencies': [ '29.7.0' ],
28 silly audit   'jest-runner': [ '29.7.0' ],
28 silly audit   'jest-runtime': [ '29.7.0' ],
28 silly audit   'jest-snapshot': [ '29.7.0' ],
28 silly audit   'jest-util': [ '29.7.0' ],
28 silly audit   'jest-validate': [ '29.7.0' ],
28 silly audit   'jest-watcher': [ '29.7.0' ],
28 silly audit   'jest-worker': [ '29.7.0' ],
28 silly audit   'supports-color': [ '8.1.1', '7.2.0' ],
28 silly audit   'js-tokens': [ '4.0.0' ],
28 silly audit   'js-yaml': [ '3.14.1' ],
28 silly audit   jsesc: [ '3.1.0' ],
28 silly audit   'json-parse-even-better-errors': [ '2.3.1' ],
28 silly audit   json5: [ '2.2.3' ],
28 silly audit   kleur: [ '3.0.3' ],
28 silly audit   leven: [ '3.1.0' ],
28 silly audit   'lines-and-columns': [ '1.2.4' ],
28 silly audit   'locate-path': [ '5.0.0' ],
28 silly audit   'lru-cache': [ '5.1.1' ],
28 silly audit   'make-dir': [ '4.0.0' ],
28 silly audit   makeerror: [ '1.0.12' ],
28 silly audit   'math-intrinsics': [ '1.1.0' ],
28 silly audit   'media-typer': [ '0.3.0' ],
28 silly audit   'merge-descriptors': [ '1.0.3' ],
28 silly audit   'merge-stream': [ '2.0.0' ],
28 silly audit   methods: [ '1.1.2' ],
28 silly audit   micromatch: [ '4.0.8' ],
28 silly audit   mime: [ '1.6.0', '2.6.0' ],
28 silly audit   'mime-db': [ '1.52.0' ],
28 silly audit   'mime-types': [ '2.1.35' ],
28 silly audit   'mimic-fn': [ '2.1.0' ],
28 silly audit   minimatch: [ '3.1.2' ],
28 silly audit   'natural-compare': [ '1.4.0' ],
28 silly audit   negotiator: [ '0.6.3' ],
28 silly audit   'node-int64': [ '0.4.0' ],
28 silly audit   'node-releases': [ '2.0.27' ],
28 silly audit   'normalize-path': [ '3.0.0' ],
28 silly audit   'npm-run-path': [ '4.0.1' ],
28 silly audit   'object-inspect': [ '1.13.4' ],
28 silly audit   'on-finished': [ '2.4.1' ],
28 silly audit   once: [ '1.4.0' ],
28 silly audit   onetime: [ '5.1.2' ],
28 silly audit   'p-limit': [ '3.1.0', '2.3.0' ],
28 silly audit   'p-locate': [ '4.1.0' ],
28 silly audit   'p-try': [ '2.2.0' ],
28 silly audit   'parse-json': [ '5.2.0' ],
28 silly audit   parseurl: [ '1.3.3' ],
28 silly audit   'path-exists': [ '4.0.0' ],
28 silly audit   'path-is-absolute': [ '1.0.1' ],
28 silly audit   'path-key': [ '3.1.1' ],
28 silly audit   'path-parse': [ '1.0.7' ],
28 silly audit   'path-to-regexp': [ '0.1.12' ],
28 silly audit   picocolors: [ '1.1.1' ],
28 silly audit   picomatch: [ '2.3.1' ],
28 silly audit   pirates: [ '4.0.7' ],
28 silly audit   'pkg-dir': [ '4.2.0' ],
28 silly audit   'pretty-format': [ '29.7.0' ],
28 silly audit   prompts: [ '2.4.2' ],
28 silly audit   'proxy-addr': [ '2.0.7' ],
28 silly audit   'pure-rand': [ '6.1.0' ],
28 silly audit   qs: [ '6.13.0' ],
28 silly audit   'range-parser': [ '1.2.1' ],
28 silly audit   'raw-body': [ '2.5.2' ],
28 silly audit   'react-is': [ '18.3.1' ],
28 silly audit   'require-directory': [ '2.1.1' ],
28 silly audit   resolve: [ '1.22.11' ],
28 silly audit   'resolve-cwd': [ '3.0.0' ],
28 silly audit   'resolve-from': [ '5.0.0' ],
28 silly audit   'resolve.exports': [ '2.0.3' ],
28 silly audit   'safe-buffer': [ '5.2.1' ],
28 silly audit   'safer-buffer': [ '2.1.2' ],
28 silly audit   send: [ '0.19.0' ],
28 silly audit   'serve-static': [ '1.16.2' ],
28 silly audit   setprototypeof: [ '1.2.0' ],
28 silly audit   'shebang-command': [ '2.0.0' ],
28 silly audit   'shebang-regex': [ '3.0.0' ],
28 silly audit   'side-channel': [ '1.1.0' ],
28 silly audit   'side-channel-list': [ '1.0.0' ],
28 silly audit   'side-channel-map': [ '1.0.1' ],
28 silly audit   'side-channel-weakmap': [ '1.0.2' ],
28 silly audit   'signal-exit': [ '3.0.7' ],
28 silly audit   sisteransi: [ '1.0.5' ],
28 silly audit   slash: [ '3.0.0' ],
28 silly audit   'source-map': [ '0.6.1' ],
28 silly audit   'source-map-support': [ '0.5.13' ],
28 silly audit   'sprintf-js': [ '1.0.3' ],
28 silly audit   'stack-utils': [ '2.0.6' ],
28 silly audit   statuses: [ '2.0.1' ],
28 silly audit   'string-length': [ '4.0.2' ],
28 silly audit   'string-width': [ '4.2.3' ],
28 silly audit   'strip-ansi': [ '6.0.1' ],
28 silly audit   'strip-bom': [ '4.0.0' ],
28 silly audit   'strip-final-newline': [ '2.0.0' ],
28 silly audit   'strip-json-comments': [ '3.1.1' ],
28 silly audit   superagent: [ '8.1.2' ],
28 silly audit   'supports-preserve-symlinks-flag': [ '1.0.0' ],
28 silly audit   'test-exclude': [ '6.0.0' ],
28 silly audit   tmpl: [ '1.0.5' ],
28 silly audit   'to-regex-range': [ '5.0.1' ],
28 silly audit   toidentifier: [ '1.0.1' ],
28 silly audit   'type-detect': [ '4.0.8' ],
28 silly audit   'type-fest': [ '0.21.3' ],
28 silly audit   'type-is': [ '1.6.18' ],
28 silly audit   'undici-types': [ '7.16.0' ],
28 silly audit   unpipe: [ '1.0.0' ],
28 silly audit   'update-browserslist-db': [ '1.1.4' ],
28 silly audit   'utils-merge': [ '1.0.1' ],
28 silly audit   'v8-to-istanbul': [ '9.3.0' ],
28 silly audit   vary: [ '1.1.2' ],
28 silly audit   walker: [ '1.0.8' ],
28 silly audit   which: [ '2.0.2' ],
28 silly audit   'wrap-ansi': [ '7.0.0' ],
28 silly audit   wrappy: [ '1.0.2' ],
28 silly audit   'write-file-atomic': [ '4.0.2' ],
28 silly audit   y18n: [ '5.0.8' ],
28 silly audit   yallist: [ '3.1.1' ],
28 silly audit   yargs: [ '17.7.2' ],
28 silly audit   'yargs-parser': [ '21.1.1' ],
28 silly audit   'yocto-queue': [ '0.1.0' ],
28 silly audit   jest: [ '29.7.0' ],
28 silly audit   supertest: [ '6.3.4' ]
28 silly audit }
29 http fetch POST 200 https://registry.npmjs.org/-/npm/v1/security/advisories/bulk 524ms
30 silly audit report {}
31 verbose cwd /root
32 verbose os Linux 5.14.0-587.el9.aarch64
33 verbose node v24.11.0
34 verbose npm  v11.6.1
35 verbose exit 0
36 info ok
